2020.12.09 18:10:11 INFO  Started: Metals version 0.9.7 in workspace '/Users/shota/code/scala/scala-seed' for client vscode.
2020.12.09 18:10:12 INFO  time: initialize in 1.18s
2020.12.09 18:10:13 WARN  Build server is not auto-connectable.
2020.12.09 18:10:13 WARN  no build target for: /Users/shota/code/scala/scala-seed/build.sbt
2020.12.09 18:10:15 INFO  no build target: using presentation compiler with only scala-library
2020.12.09 18:11:05 INFO  shutting down Metals
2020.12.09 18:11:15 INFO  Started: Metals version 0.9.7 in workspace '/Users/shota/code/scala/scala-seed' for client vscode.
2020.12.09 18:11:16 INFO  time: initialize in 1.19s
2020.12.09 18:11:16 WARN  Build server is not auto-connectable.
2020.12.09 18:11:16 INFO  skipping build import with status 'Dismissed'
Dec 09, 2020 6:11:24 PM org.eclipse.lsp4j.jsonrpc.services.GenericEndpoint notify
INFO: Unsupported notification method: $/setTraceNotification
2020.12.09 18:12:02 WARN  no build target for: /Users/shota/code/scala/scala-seed/build.sbt
2020.12.09 18:12:03 INFO  no build target: using presentation compiler with only scala-library
Dec 09, 2020 6:12:03 PM org.eclipse.lsp4j.jsonrpc.RemoteEndpoint handleCancellation
WARNING: Unmatched cancel notification for request id 3
Dec 09, 2020 6:12:03 PM org.eclipse.lsp4j.jsonrpc.RemoteEndpoint handleCancellation
WARNING: Unmatched cancel notification for request id 5
Dec 09, 2020 6:12:14 PM org.eclipse.lsp4j.jsonrpc.services.GenericEndpoint notify
INFO: Unsupported notification method: $/setTraceNotification
2020.12.09 18:13:31 WARN  no build target for: /Users/shota/code/scala/scala-seed/project/plugins.sbt
2020.12.09 18:14:39 INFO  shutting down Metals
2020.12.09 18:15:10 INFO  Started: Metals version 0.9.7 in workspace '/Users/shota/code/scala/scala-seed.g8' for client vscode.
2020.12.09 18:15:11 INFO  time: initialize in 1.22s
2020.12.09 18:15:12 WARN  Build server is not auto-connectable.
Dec 09, 2020 6:15:13 PM org.eclipse.lsp4j.jsonrpc.services.GenericEndpoint notify
INFO: Unsupported notification method: $/setTraceNotification
